#
# There is insufficient memory for the Java Runtime Environment to continue.
# Native memory allocation (mmap) failed to map 268435456 bytes for G1 virtual space
# Possible reasons:
#   The system is out of physical RAM or swap space
#   The process is running with CompressedOops enabled, and the Java Heap may be blocking the growth of the native heap
# Possible solutions:
#   Reduce memory load on the system
#   Increase physical memory or swap space
#   Check if swap backing store is full
#   Decrease Java heap size (-Xmx/-Xms)
#   Decrease number of Java threads
#   Decrease Java thread stack sizes (-Xss)
#   Set larger code cache with -XX:ReservedCodeCacheSize=
#   JVM is running with Zero Based Compressed Oops mode in which the Java heap is
#     placed in the first 32GB address space. The Java Heap base address is the
#     maximum limit for the native heap growth. Please use -XX:HeapBaseMinAddress
#     to set the Java Heap base and to place the Java Heap above 32GB virtual address.
# This output file may be truncated or incomplete.
#
#  Out of Memory Error (os_windows.cpp:3548), pid=5248, tid=1896
#
# JRE version:  (17.0.13+10) (build )
# Java VM: Java HotSpot(TM) 64-Bit Server VM (17.0.13+10-LTS-268, mixed mode, sharing, tiered, compressed oops, compressed class ptrs, g1 gc, windows-amd64)
# No core dump will be written. Minidumps are not enabled by default on client versions of Windows
#

---------------  S U M M A R Y ------------

Command Line: -javaagent:C:\Users\seoulit4\AppData\Local\JetBrains\IdeaIC2025.2\captureAgent\debugger-agent.jar=file:///C:/Users/seoulit4/AppData/Local/Temp/capture15620726592867273865.props -ea -Didea.test.cyclic.buffer.size=1048576 -javaagent:C:\Program Files\JetBrains\IntelliJ IDEA Community Edition 2025.2.5\lib\idea_rt.jar=56312 -Dkotlinx.coroutines.debug.enable.creation.stack.trace=false -Ddebugger.agent.enable.coroutines=true -Dkotlinx.coroutines.debug.enable.flows.stack.trace=true -Dkotlinx.coroutines.debug.enable.mutable.state.flows.stack.trace=true -Dfile.encoding=UTF-8 com.intellij.rt.junit.JUnitStarter -ideVersion5 -junit5 com.example.exam.service.BoardServiceTest,updateBoard

Host: Intel(R) Core(TM) i7-7700 CPU @ 3.60GHz, 8 cores, 15G,  Windows 11 , 64 bit Build 26100 (10.0.26100.7019)
Time: Tue Dec 16 10:14:42 2025  Windows 11 , 64 bit Build 26100 (10.0.26100.7019) elapsed time: 1.038817 seconds (0d 0h 0m 1s)

---------------  T H R E A D  ---------------

Current thread (0x0000026a4fc4ae50):  JavaThread "Unknown thread" [_thread_in_vm, id=1896, stack(0x000000a73be00000,0x000000a73bf00000)]

Stack: [0x000000a73be00000,0x000000a73bf00000]
Native frames: (J=compiled Java code, j=interpreted, Vv=VM code, C=native code)
V  [jvm.dll+0x67a23a]
V  [jvm.dll+0x7da96d]
V  [jvm.dll+0x7dc2b3]
V  [jvm.dll+0x7dc923]
V  [jvm.dll+0x2450ef]
V  [jvm.dll+0x677279]
V  [jvm.dll+0x66bf22]
V  [jvm.dll+0x302006]
V  [jvm.dll+0x3095a6]
V  [jvm.dll+0x359e9e]
V  [jvm.dll+0x35a0cf]
V  [jvm.dll+0x2d90d8]
V  [jvm.dll+0x2da044]
V  [jvm.dll+0x7ace81]
V  [jvm.dll+0x367701]
V  [jvm.dll+0x78bcc9]
V  [jvm.dll+0x3ec9bf]
V  [jvm.dll+0x3ee5f1]
C  [jli.dll+0x5297]
C  [ucrtbase.dll+0x37b0]
C  [KERNEL32.DLL+0x2e8d7]
C  [ntdll.dll+0x8c53c]


---------------  P R O C E S S  ---------------

Threads class SMR info:
_java_thread_list=0x00007ffbebec8a18, length=0, elements={
}

Java Threads: ( => current thread )

Other Threads:
  0x0000026a4fc62eb0 GCTaskThread "GC Thread#0" [stack: 0x000000a73bf00000,0x000000a73c000000] [id=11364]
  0x0000026a4fccb480 ConcurrentGCThread "G1 Main Marker" [stack: 0x000000a73c000000,0x000000a73c100000] [id=16800]
  0x0000026a4fccf460 ConcurrentGCThread "G1 Conc#0" [stack: 0x000000a73c100000,0x000000a73c200000] [id=9360]

[error occurred during error reporting (printing all threads), id 0xc0000005, EXCEPTION_ACCESS_VIOLATION (0xc0000005) at pc=0x00007ffbeb6f9bc7]

VM state: not at safepoint (not fully initialized)

VM Mutex/Monitor currently owned by a thread:  ([mutex/lock_event])
[0x0000026a4fc483e0] Heap_lock - owner thread: 0x0000026a4fc4ae50

Heap address: 0x0000000700a00000, size: 4086 MB, Compressed Oops mode: Zero based, Oop shift amount: 3

CDS archive(s) mapped at: [0x0000000000000000-0x0000000000000000-0x0000000000000000), size 0, SharedBaseAddress: 0x0000000800000000, ArchiveRelocationMode: 1.
Narrow klass base: 0x0000000000000000, Narrow klass shift: 0, Narrow klass range: 0x0

GC Precious Log:
<Empty>

Heap:
 garbage-first heap   total 0K, used 0K [0x0000000700a00000, 0x0000000800000000)
  region size 2048K, 0 young (0K), 0 survivors (0K)

[error occurred during error reporting (printing heap information), id 0xc0000005, EXCEPTION_ACCESS_VIOLATION (0xc0000005) at pc=0x00007ffbebae3a29]

GC Heap History (0 events):
No events

Deoptimization events (0 events):
No events

Classes unloaded (0 events):
No events

Classes redefined (0 events):
No events

Internal exceptions (0 events):
No events

VM Operations (0 events):
No events

Events (2 events):
Event: 0.010 Loaded shared library C:\Program Files\Java\jdk-17\bin\java.dll
Event: 0.011 Loaded shared library C:\Program Files\Java\jdk-17\bin\zip.dll


Dynamic libraries:
0x00007ff79d7e0000 - 0x00007ff79d7f0000 	C:\Program Files\Java\jdk-17\bin\java.exe
0x00007ffc5a820000 - 0x00007ffc5aa88000 	C:\WINDOWS\SYSTEM32\ntdll.dll
0x00007ffc59b00000 - 0x00007ffc59bc9000 	C:\WINDOWS\System32\KERNEL32.DLL
0x00007ffc57ea0000 - 0x00007ffc58298000 	C:\WINDOWS\System32\KERNELBASE.dll
0x00007ffc57c60000 - 0x00007ffc57dab000 	C:\WINDOWS\System32\ucrtbase.dll
0x00007ffc54960000 - 0x00007ffc54979000 	C:\Program Files\Java\jdk-17\bin\jli.dll
0x00007ffc52870000 - 0x00007ffc5288b000 	C:\Program Files\Java\jdk-17\bin\VCRUNTIME140.dll
0x00007ffc59860000 - 0x00007ffc59914000 	C:\WINDOWS\System32\ADVAPI32.dll
0x00007ffc5a560000 - 0x00007ffc5a609000 	C:\WINDOWS\System32\msvcrt.dll
0x00007ffc5a730000 - 0x00007ffc5a7d6000 	C:\WINDOWS\System32\sechost.dll
0x00007ffc5a610000 - 0x00007ffc5a728000 	C:\WINDOWS\System32\RPCRT4.dll
0x00007ffc59930000 - 0x00007ffc59af7000 	C:\WINDOWS\System32\USER32.dll
0x00007ffc49020000 - 0x00007ffc492b4000 	C:\WINDOWS\WinSxS\amd64_microsoft.windows.common-controls_6595b64144ccf1df_6.0.26100.7019_none_3e06ffa0e335b8a8\COMCTL32.dll
0x00007ffc57db0000 - 0x00007ffc57dd7000 	C:\WINDOWS\System32\win32u.dll
0x00007ffc5a290000 - 0x00007ffc5a2bb000 	C:\WINDOWS\System32\GDI32.dll
0x00007ffc58400000 - 0x00007ffc5852c000 	C:\WINDOWS\System32\gdi32full.dll
0x00007ffc52180000 - 0x00007ffc5218b000 	C:\WINDOWS\SYSTEM32\VERSION.dll
0x00007ffc58350000 - 0x00007ffc583f3000 	C:\WINDOWS\System32\msvcp_win.dll
0x00007ffc5a450000 - 0x00007ffc5a481000 	C:\WINDOWS\System32\IMM32.DLL
0x00007ffc52830000 - 0x00007ffc5283c000 	C:\Program Files\Java\jdk-17\bin\vcruntime140_1.dll
0x00007ffc3ecf0000 - 0x00007ffc3ed7e000 	C:\Program Files\Java\jdk-17\bin\msvcp140.dll
0x00007ffbeb410000 - 0x00007ffbebff1000 	C:\Program Files\Java\jdk-17\bin\server\jvm.dll
0x00007ffc5a2c0000 - 0x00007ffc5a2c8000 	C:\WINDOWS\System32\PSAPI.DLL
0x00007ffc52820000 - 0x00007ffc5282a000 	C:\WINDOWS\SYSTEM32\WSOCK32.dll
0x00007ffc508e0000 - 0x00007ffc50915000 	C:\WINDOWS\SYSTEM32\WINMM.dll
0x00007ffc5a360000 - 0x00007ffc5a3d4000 	C:\WINDOWS\System32\WS2_32.dll
0x00007ffc56730000 - 0x00007ffc5674b000 	C:\WINDOWS\SYSTEM32\kernel.appcore.dll
0x00007ffc52810000 - 0x00007ffc5281a000 	C:\Program Files\Java\jdk-17\bin\jimage.dll
0x00007ffc49470000 - 0x00007ffc496b2000 	C:\WINDOWS\SYSTEM32\DBGHELP.DLL
0x00007ffc594d0000 - 0x00007ffc5985b000 	C:\WINDOWS\System32\combase.dll
0x00007ffc5a1b0000 - 0x00007ffc5a287000 	C:\WINDOWS\System32\OLEAUT32.dll
0x00007ffc48680000 - 0x00007ffc486bc000 	C:\WINDOWS\SYSTEM32\dbgcore.DLL
0x00007ffc582a0000 - 0x00007ffc58345000 	C:\WINDOWS\System32\bcryptPrimitives.dll
0x00007ffc51870000 - 0x00007ffc5187e000 	C:\Program Files\Java\jdk-17\bin\instrument.dll
0x00007ffc4a920000 - 0x00007ffc4a945000 	C:\Program Files\Java\jdk-17\bin\java.dll
0x00007ffc46220000 - 0x00007ffc46238000 	C:\Program Files\Java\jdk-17\bin\zip.dll

dbghelp: loaded successfully - version: 4.0.5 - missing functions: none
symbol engine: initialized successfully - sym options: 0x614 - pdb path: .;C:\Program Files\Java\jdk-17\bin;C:\WINDOWS\SYSTEM32;C:\WINDOWS\WinSxS\amd64_microsoft.windows.common-controls_6595b64144ccf1df_6.0.26100.7019_none_3e06ffa0e335b8a8;C:\Program Files\Java\jdk-17\bin\server

VM Arguments:
jvm_args: -javaagent:C:\Users\seoulit4\AppData\Local\JetBrains\IdeaIC2025.2\captureAgent\debugger-agent.jar=file:///C:/Users/seoulit4/AppData/Local/Temp/capture15620726592867273865.props -ea -Didea.test.cyclic.buffer.size=1048576 -javaagent:C:\Program Files\JetBrains\IntelliJ IDEA Community Edition 2025.2.5\lib\idea_rt.jar=56312 -Dkotlinx.coroutines.debug.enable.creation.stack.trace=false -Ddebugger.agent.enable.coroutines=true -Dkotlinx.coroutines.debug.enable.flows.stack.trace=true -Dkotlinx.coroutines.debug.enable.mutable.state.flows.stack.trace=true -Dfile.encoding=UTF-8 
java_command: com.intellij.rt.junit.JUnitStarter -ideVersion5 -junit5 com.example.exam.service.BoardServiceTest,updateBoard
java_class_path (initial): C:\Program Files\JetBrains\IntelliJ IDEA Community Edition 2025.2.5\lib\idea_rt.jar;C:\Program Files\JetBrains\IntelliJ IDEA Community Edition 2025.2.5\plugins\junit\lib\junit6-rt.jar;C:\Program Files\JetBrains\IntelliJ IDEA Community Edition 2025.2.5\plugins\junit\lib\junit5-rt.jar;C:\Program Files\JetBrains\IntelliJ IDEA Community Edition 2025.2.5\plugins\junit\lib\junit-rt.jar;C:\Users\seoulit4\Downloads\exam\exam\out\test\classes;C:\Users\seoulit4\Downloads\exam\exam\out\production\classes;C:\Users\seoulit4\Downloads\exam\exam\out\production\resources;C:\Users\seoulit4\.gradle\caches\modules-2\files-2.1\org.springframework.boot\spring-boot-starter-data-jpa\3.5.8\e5dca604e4de34b16ced3bd3638163126606ba7e\spring-boot-starter-data-jpa-3.5.8.jar;C:\Users\seoulit4\.gradle\caches\modules-2\files-2.1\org.springframework.boot\spring-boot-starter-mustache\3.5.8\c8cc6925fb9c9d343d6f688908e38ca5b19e48bb\spring-boot-starter-mustache-3.5.8.jar;C:\Users\seoulit4\.gradle\caches\modules-2\files-2.1\org.springframework.boot\spring-boot-starter-thymeleaf\3.5.8\aafa0e52baac37b7796325d27aac33ad502d985d\spring-boot-starter-thymeleaf-3.5.8.jar;C:\Users\seoulit4\.gradle\caches\modules-2\files-2.1\org.springframework.boot\spring-boot-starter-web\3.5.8\f4afb8ae01d775b91dbfa365012be55789d3e0de\spring-boot-starter-web-3.5.8.jar;C:\Users\seoulit4\.gradle\caches\modules-2\files-2.1\org.springframework.boot\spring-boot-starter-test\3.5.8\fceec984081c1ba80b29847307161517598f425e\spring-boot-starter-test-3.5.8.jar;C:\Users\seoulit4\.gradle\caches\modules-2\files-2.1\org.springframework.boot\spring-boot-starter-jdbc\3.5.8\359961894da5ef2bead3614e5cfee6a3d32af9c1\spring-boot-starter-jdbc-3.5.8.jar;C:\Users\seoulit4\.gradle\caches\modules-2\files-2.1\org.springframework.boot\spring-boot-starter\3.5.8\757ed1793f8c7d560cc837359f5816a1f495a087\spring-boot-starter-3.5.8.jar;C:\Users\seoulit4\.gradle\caches\modules-2\files-2.1\org.hibernate.orm\hibernate-core\6.6.36.Final\8
Launcher Type: SUN_STANDARD

[Global flags]
     intx CICompilerCount                          = 4                                         {product} {ergonomic}
     uint ConcGCThreads                            = 2                                         {product} {ergonomic}
     uint G1ConcRefinementThreads                  = 8                                         {product} {ergonomic}
   size_t G1HeapRegionSize                         = 2097152                                   {product} {ergonomic}
    uintx GCDrainStackTargetSize                   = 64                                        {product} {ergonomic}
   size_t InitialHeapSize                          = 268435456                                 {product} {ergonomic}
   size_t MarkStackSize                            = 4194304                                   {product} {ergonomic}
   size_t MaxHeapSize                              = 4284481536                                {product} {ergonomic}
   size_t MinHeapDeltaBytes                        = 2097152                                   {product} {ergonomic}
   size_t MinHeapSize                              = 8388608                                   {product} {ergonomic}
    uintx NonNMethodCodeHeapSize                   = 5839372                                {pd product} {ergonomic}
    uintx NonProfiledCodeHeapSize                  = 122909434                              {pd product} {ergonomic}
    uintx ProfiledCodeHeapSize                     = 122909434                              {pd product} {ergonomic}
    uintx ReservedCodeCacheSize                    = 251658240                              {pd product} {ergonomic}
     bool SegmentedCodeCache                       = true                                      {product} {ergonomic}
   size_t SoftMaxHeapSize                          = 4284481536                             {manageable} {ergonomic}
     bool UseCompressedClassPointers               = true                           {product lp64_product} {ergonomic}
     bool UseCompressedOops                        = true                           {product lp64_product} {ergonomic}
     bool UseG1GC                                  = true                                      {product} {ergonomic}
     bool UseLargePagesIndividualAllocation        = false                                  {pd product} {ergonomic}

Logging:
Log output configuration:
 #0: stdout all=warning uptime,level,tags
 #1: stderr all=off uptime,level,tags

Environment Variables:
JAVA_HOME=C:\Program Files\Java\jdk-17
PATH=C:\Program Files\Common Files\Oracle\Java\javapath;C:\WINDOWS\system32;C:\WINDOWS;C:\WINDOWS\System32\Wbem;C:\WINDOWS\System32\WindowsPowerShell\v1.0\;C:\WINDOWS\System32\OpenSSH\;C:\Program Files\MySQL\MySQL Shell 8.0\bin\;C:\Users\seoulit4\AppData\Local\Microsoft\WindowsApps;C:\Users\seoulit4\AppData\Local\Programs\Microsoft VS Code\bin;C:\Users\seoulit4\AppData\Local\Programs\mongosh\;C:\Program Files\MongoDB\Server\7.0\bin;C:\Program Files\MySQL\MySQL Server 8.0\bin;C:\Program Files\JetBrains\PyCharm 2025.2.1.1\bin;C:\Program Files\Java\jdk-17\bin;C:\Program Files\JetBrains\IntelliJ IDEA Community Edition 2025.2.5\bin
USERNAME=seoulit4
OS=Windows_NT
PROCESSOR_IDENTIFIER=Intel64 Family 6 Model 158 Stepping 9, GenuineIntel



---------------  S Y S T E M  ---------------

OS:
 Windows 11 , 64 bit Build 26100 (10.0.26100.7019)
OS uptime: 4 days 0:49 hours

CPU: total 8 (initial active 8) (4 cores per cpu, 2 threads per core) family 6 model 158 stepping 9 microcode 0xde, cx8, cmov, fxsr, ht, mmx, 3dnowpref, sse, sse2, sse3, ssse3, sse4.1, sse4.2, popcnt, lzcnt, tsc, tscinvbit, avx, avx2, aes, erms, clmul, bmi1, bmi2, rtm, adx, fma, vzeroupper, clflush, clflushopt

Memory: 4k page, system-wide physical 16342M (3549M free)
TotalPageFile size 65494M (AvailPageFile size 141M)
current process WorkingSet (physical memory assigned to process): 12M, peak: 12M
current process commit charge ("private bytes"): 60M, peak: 316M

vm_info: Java HotSpot(TM) 64-Bit Server VM (17.0.13+10-LTS-268) for windows-amd64 JRE (17.0.13+10-LTS-268), built on Sep 30 2024 06:33:13 by "mach5one" with MS VC++ 17.6 (VS2022)

END.
