#
# There is insufficient memory for the Java Runtime Environment to continue.
# Native memory allocation (malloc) failed to allocate 56496 bytes for Chunk::new
# Possible reasons:
#   The system is out of physical RAM or swap space
#   The process is running with CompressedOops enabled, and the Java Heap may be blocking the growth of the native heap
# Possible solutions:
#   Reduce memory load on the system
#   Increase physical memory or swap space
#   Check if swap backing store is full
#   Decrease Java heap size (-Xmx/-Xms)
#   Decrease number of Java threads
#   Decrease Java thread stack sizes (-Xss)
#   Set larger code cache with -XX:ReservedCodeCacheSize=
#   JVM is running with Zero Based Compressed Oops mode in which the Java heap is
#     placed in the first 32GB address space. The Java Heap base address is the
#     maximum limit for the native heap growth. Please use -XX:HeapBaseMinAddress
#     to set the Java Heap base and to place the Java Heap above 32GB virtual address.
# This output file may be truncated or incomplete.
#
#  Out of Memory Error (arena.cpp:189), pid=16436, tid=3304
#
# JRE version: Java(TM) SE Runtime Environment (17.0.13+10) (build 17.0.13+10-LTS-268)
# Java VM: Java HotSpot(TM) 64-Bit Server VM (17.0.13+10-LTS-268, mixed mode, sharing, tiered, compressed oops, compressed class ptrs, g1 gc, windows-amd64)
# No core dump will be written. Minidumps are not enabled by default on client versions of Windows
#

---------------  S U M M A R Y ------------

Command Line: -javaagent:C:\Program Files\JetBrains\IntelliJ IDEA Community Edition 2025.2.5\lib\idea_rt.jar=56326 -Dfile.encoding=UTF-8 com.example.exam.ExamApplication

Host: Intel(R) Core(TM) i7-7700 CPU @ 3.60GHz, 8 cores, 15G,  Windows 11 , 64 bit Build 26100 (10.0.26100.7019)
Time: Wed Dec 10 11:55:31 2025  Windows 11 , 64 bit Build 26100 (10.0.26100.7019) elapsed time: 509.990208 seconds (0d 0h 8m 29s)

---------------  T H R E A D  ---------------

Current thread (0x000002132c103650):  JavaThread "C2 CompilerThread0" daemon [_thread_in_native, id=3304, stack(0x000000a2d6100000,0x000000a2d6200000)]


Current CompileTask:
C2: 509990 5819  s    4       java.io.ByteArrayOutputStream::write (43 bytes)

Stack: [0x000000a2d6100000,0x000000a2d6200000]
Native frames: (J=compiled Java code, j=interpreted, Vv=VM code, C=native code)
V  [jvm.dll+0x67a23a]
V  [jvm.dll+0x7da96d]
V  [jvm.dll+0x7dc2b3]
V  [jvm.dll+0x7dc923]
V  [jvm.dll+0x2450ef]
V  [jvm.dll+0xab793]
V  [jvm.dll+0xabd5c]
V  [jvm.dll+0x2aa58f]
V  [jvm.dll+0x582039]
V  [jvm.dll+0x21f482]
V  [jvm.dll+0x21f87f]
V  [jvm.dll+0x218b00]
V  [jvm.dll+0x215bc5]
V  [jvm.dll+0x1a2980]
V  [jvm.dll+0x22616b]
V  [jvm.dll+0x22430b]
V  [jvm.dll+0x790a8c]
V  [jvm.dll+0x78af1a]
V  [jvm.dll+0x679125]
C  [ucrtbase.dll+0x37b0]
C  [KERNEL32.DLL+0x2e8d7]
C  [ntdll.dll+0x8c53c]


---------------  P R O C E S S  ---------------

Threads class SMR info:
_java_thread_list=0x0000021375692e10, length=30, elements={
0x000002132c03d010, 0x000002132c03e740, 0x000002132c0f6830, 0x000002132c0f9310,
0x000002132c0fc850, 0x000002132c0fe8f0, 0x000002132c103650, 0x000002132c103f60,
0x000002132c12f450, 0x000002132c0293b0, 0x000002132c4ee9e0, 0x000002132c43d6b0,
0x0000021373c4ddf0, 0x0000021373c4e300, 0x0000021373c4ba80, 0x0000021373c4b060,
0x0000021373c4c4a0, 0x0000021373c4e810, 0x0000021373c4d8e0, 0x0000021373c4c9b0,
0x0000021373c4cec0, 0x0000021373c4d3d0, 0x000002132cb40300, 0x000002132cb3df90,
0x000002132cb3d570, 0x000002132cb3f8e0, 0x000002132cb3fdf0, 0x000002132cb3eec0,
0x000002132cb40810, 0x000002132cb3da80
}

Java Threads: ( => current thread )
  0x000002132c03d010 JavaThread "Reference Handler" daemon [_thread_blocked, id=16728, stack(0x000000a2d5b00000,0x000000a2d5c00000)]
  0x000002132c03e740 JavaThread "Finalizer" daemon [_thread_blocked, id=7800, stack(0x000000a2d5c00000,0x000000a2d5d00000)]
  0x000002132c0f6830 JavaThread "Signal Dispatcher" daemon [_thread_blocked, id=9740, stack(0x000000a2d5d00000,0x000000a2d5e00000)]
  0x000002132c0f9310 JavaThread "Attach Listener" daemon [_thread_blocked, id=16912, stack(0x000000a2d5e00000,0x000000a2d5f00000)]
  0x000002132c0fc850 JavaThread "Service Thread" daemon [_thread_blocked, id=356, stack(0x000000a2d5f00000,0x000000a2d6000000)]
  0x000002132c0fe8f0 JavaThread "Monitor Deflation Thread" daemon [_thread_blocked, id=13452, stack(0x000000a2d6000000,0x000000a2d6100000)]
=>0x000002132c103650 JavaThread "C2 CompilerThread0" daemon [_thread_in_native, id=3304, stack(0x000000a2d6100000,0x000000a2d6200000)]
  0x000002132c103f60 JavaThread "C1 CompilerThread0" daemon [_thread_blocked, id=296, stack(0x000000a2d6200000,0x000000a2d6300000)]
  0x000002132c12f450 JavaThread "Sweeper thread" daemon [_thread_blocked, id=4884, stack(0x000000a2d6300000,0x000000a2d6400000)]
  0x000002132c0293b0 JavaThread "Common-Cleaner" daemon [_thread_blocked, id=1572, stack(0x000000a2d6400000,0x000000a2d6500000)]
  0x000002132c4ee9e0 JavaThread "Monitor Ctrl-Break" daemon [_thread_in_native, id=2352, stack(0x000000a2d6600000,0x000000a2d6700000)]
  0x000002132c43d6b0 JavaThread "Notification Thread" daemon [_thread_blocked, id=9192, stack(0x000000a2d6700000,0x000000a2d6800000)]
  0x0000021373c4ddf0 JavaThread "Catalina-utility-1" [_thread_blocked, id=2704, stack(0x000000a2d7300000,0x000000a2d7400000)]
  0x0000021373c4e300 JavaThread "Catalina-utility-2" [_thread_blocked, id=4836, stack(0x000000a2d7400000,0x000000a2d7500000)]
  0x0000021373c4ba80 JavaThread "container-0" [_thread_blocked, id=6320, stack(0x000000a2d7500000,0x000000a2d7600000)]
  0x0000021373c4b060 JavaThread "mysql-cj-abandoned-connection-cleanup" daemon [_thread_blocked, id=15268, stack(0x000000a2d7600000,0x000000a2d7700000)]
  0x0000021373c4c4a0 JavaThread "HikariPool-1:housekeeper" daemon [_thread_blocked, id=4488, stack(0x000000a2d7800000,0x000000a2d7900000)]
  0x0000021373c4e810 JavaThread "http-nio-8080-exec-1" daemon [_thread_blocked, id=9356, stack(0x000000a2d7a00000,0x000000a2d7b00000)]
  0x0000021373c4d8e0 JavaThread "http-nio-8080-exec-2" daemon [_thread_blocked, id=13884, stack(0x000000a2d7b00000,0x000000a2d7c00000)]
  0x0000021373c4c9b0 JavaThread "http-nio-8080-exec-3" daemon [_thread_blocked, id=10952, stack(0x000000a2d7c00000,0x000000a2d7d00000)]
  0x0000021373c4cec0 JavaThread "http-nio-8080-exec-4" daemon [_thread_blocked, id=11344, stack(0x000000a2d7d00000,0x000000a2d7e00000)]
  0x0000021373c4d3d0 JavaThread "http-nio-8080-exec-5" daemon [_thread_blocked, id=10716, stack(0x000000a2d7e00000,0x000000a2d7f00000)]
  0x000002132cb40300 JavaThread "http-nio-8080-exec-6" daemon [_thread_blocked, id=1772, stack(0x000000a2d7f00000,0x000000a2d8000000)]
  0x000002132cb3df90 JavaThread "http-nio-8080-exec-7" daemon [_thread_blocked, id=11824, stack(0x000000a2d8000000,0x000000a2d8100000)]
  0x000002132cb3d570 JavaThread "http-nio-8080-exec-8" daemon [_thread_blocked, id=12436, stack(0x000000a2d8100000,0x000000a2d8200000)]
  0x000002132cb3f8e0 JavaThread "http-nio-8080-exec-9" daemon [_thread_blocked, id=3384, stack(0x000000a2d8200000,0x000000a2d8300000)]
  0x000002132cb3fdf0 JavaThread "http-nio-8080-exec-10" daemon [_thread_blocked, id=9748, stack(0x000000a2d8300000,0x000000a2d8400000)]
  0x000002132cb3eec0 JavaThread "http-nio-8080-Poller" daemon [_thread_in_native, id=7260, stack(0x000000a2d8400000,0x000000a2d8500000)]
  0x000002132cb40810 JavaThread "http-nio-8080-Acceptor" daemon [_thread_in_native, id=6012, stack(0x000000a2d8500000,0x000000a2d8600000)]
  0x000002132cb3da80 JavaThread "DestroyJavaVM" [_thread_blocked, id=15948, stack(0x000000a2d5400000,0x000000a2d5500000)]

Other Threads:
  0x000002132c0385f0 VMThread "VM Thread" [stack: 0x000000a2d5a00000,0x000000a2d5b00000] [id=6248]
  0x00000213074e9e30 WatcherThread [stack: 0x000000a2d6800000,0x000000a2d6900000] [id=8800]
  0x0000021306ffe810 GCTaskThread "GC Thread#0" [stack: 0x000000a2d5500000,0x000000a2d5600000] [id=8348]
  0x000002137222c6b0 GCTaskThread "GC Thread#1" [stack: 0x000000a2d6a00000,0x000000a2d6b00000] [id=3184]
  0x000002137222c970 GCTaskThread "GC Thread#2" [stack: 0x000000a2d6b00000,0x000000a2d6c00000] [id=16008]
  0x000002137222cc30 GCTaskThread "GC Thread#3" [stack: 0x000000a2d6c00000,0x000000a2d6d00000] [id=9272]
  0x00000213721dcc50 GCTaskThread "GC Thread#4" [stack: 0x000000a2d6d00000,0x000000a2d6e00000] [id=8080]
  0x0000021372227960 GCTaskThread "GC Thread#5" [stack: 0x000000a2d6e00000,0x000000a2d6f00000] [id=13960]
  0x0000021372ed4c50 GCTaskThread "GC Thread#6" [stack: 0x000000a2d7000000,0x000000a2d7100000] [id=7720]
  0x0000021373133090 GCTaskThread "GC Thread#7" [stack: 0x000000a2d7100000,0x000000a2d7200000] [id=7764]
  0x00000213074dffe0 ConcurrentGCThread "G1 Main Marker" [stack: 0x000000a2d5600000,0x000000a2d5700000] [id=4728]
  0x00000213074e21a0 ConcurrentGCThread "G1 Conc#0" [stack: 0x000000a2d5700000,0x000000a2d5800000] [id=4472]
  0x000002137278aea0 ConcurrentGCThread "G1 Conc#1" [stack: 0x000000a2d6f00000,0x000000a2d7000000] [id=15040]
  0x000002132beeb530 ConcurrentGCThread "G1 Refine#0" [stack: 0x000000a2d5800000,0x000000a2d5900000] [id=1132]
  0x000002137315ef50 ConcurrentGCThread "G1 Refine#1" [stack: 0x000000a2d7200000,0x000000a2d7300000] [id=3256]
  0x000002132beece80 ConcurrentGCThread "G1 Service" [stack: 0x000000a2d5900000,0x000000a2d5a00000] [id=13328]

Threads with active compile tasks:
C2 CompilerThread0   510054 5819  s    4       java.io.ByteArrayOutputStream::write (43 bytes)

VM state: not at safepoint (normal execution)

VM Mutex/Monitor currently owned by a thread: None

Heap address: 0x0000000700a00000, size: 4086 MB, Compressed Oops mode: Zero based, Oop shift amount: 3

CDS archive(s) mapped at: [0x000002132d000000-0x000002132dbd0000-0x000002132dbd0000), size 12386304, SharedBaseAddress: 0x000002132d000000, ArchiveRelocationMode: 1.
Compressed class space mapped at: 0x000002132e000000-0x000002136e000000, reserved size: 1073741824
Narrow klass base: 0x000002132d000000, Narrow klass shift: 0, Narrow klass range: 0x100000000

GC Precious Log:
 CPUs: 8 total, 8 available
 Memory: 16342M
 Large Page Support: Disabled
 NUMA Support: Disabled
 Compressed Oops: Enabled (Zero based)
 Heap Region Size: 2M
 Heap Min Capacity: 8M
 Heap Initial Capacity: 256M
 Heap Max Capacity: 4086M
 Pre-touch: Disabled
 Parallel Workers: 8
 Concurrent Workers: 2
 Concurrent Refinement Workers: 8
 Periodic GC: Disabled

Heap:
 garbage-first heap   total 61440K, used 28087K [0x0000000700a00000, 0x0000000800000000)
  region size 2048K, 2 young (4096K), 1 survivors (2048K)
 Metaspace       used 69211K, committed 69760K, reserved 1114112K
  class space    used 9415K, committed 9664K, reserved 1048576K

Heap Regions: E=young(eden), S=young(survivor), O=old, HS=humongous(starts), HC=humongous(continues), CS=collection set, F=free, OA=open archive, CA=closed archive, TAMS=top-at-mark-start (previous, next)
|   0|0x0000000700a00000, 0x0000000700c00000, 0x0000000700c00000|100%| O|  |TAMS 0x0000000700c00000, 0x0000000700a00000| Untracked 
|   1|0x0000000700c00000, 0x0000000700e00000, 0x0000000700e00000|100%| O|  |TAMS 0x0000000700e00000, 0x0000000700c00000| Untracked 
|   2|0x0000000700e00000, 0x0000000701000000, 0x0000000701000000|100%| O|  |TAMS 0x0000000701000000, 0x0000000700e00000| Untracked 
|   3|0x0000000701000000, 0x0000000701200000, 0x0000000701200000|100%| O|  |TAMS 0x0000000701200000, 0x0000000701000000| Untracked 
|   4|0x0000000701200000, 0x0000000701400000, 0x0000000701400000|100%| O|  |TAMS 0x0000000701400000, 0x0000000701200000| Untracked 
|   5|0x0000000701400000, 0x0000000701600000, 0x0000000701600000|100%| O|  |TAMS 0x0000000701600000, 0x0000000701400000| Untracked 
|   6|0x0000000701600000, 0x0000000701800000, 0x0000000701800000|100%| O|  |TAMS 0x0000000701800000, 0x0000000701600000| Untracked 
|   7|0x0000000701800000, 0x0000000701a00000, 0x0000000701a00000|100%| O|  |TAMS 0x0000000701a00000, 0x0000000701800000| Untracked 
|   8|0x0000000701a00000, 0x0000000701a00000, 0x0000000701c00000|  0%| F|  |TAMS 0x0000000701a00000, 0x0000000701a00000| Untracked 
|   9|0x0000000701c00000, 0x0000000701e00000, 0x0000000701e00000|100%| O|  |TAMS 0x0000000701e00000, 0x0000000701c00000| Untracked 
|  10|0x0000000701e00000, 0x0000000702000000, 0x0000000702000000|100%| O|  |TAMS 0x0000000701ee4400, 0x0000000701e00000| Untracked 
|  11|0x0000000702000000, 0x0000000702200000, 0x0000000702200000|100%| O|  |TAMS 0x0000000702000000, 0x0000000702000000| Untracked 
|  12|0x0000000702200000, 0x0000000702400000, 0x0000000702400000|100%| O|  |TAMS 0x0000000702200000, 0x0000000702200000| Untracked 
|  13|0x0000000702400000, 0x00000007025f8000, 0x0000000702600000| 98%| O|  |TAMS 0x0000000702400000, 0x0000000702400000| Untracked 
|  14|0x0000000702600000, 0x0000000702600000, 0x0000000702800000|  0%| F|  |TAMS 0x0000000702600000, 0x0000000702600000| Untracked 
|  15|0x0000000702800000, 0x0000000702800000, 0x0000000702a00000|  0%| F|  |TAMS 0x0000000702800000, 0x0000000702800000| Untracked 
|  16|0x0000000702a00000, 0x0000000702a00000, 0x0000000702c00000|  0%| F|  |TAMS 0x0000000702a00000, 0x0000000702a00000| Untracked 
|  17|0x0000000702c00000, 0x0000000702c00000, 0x0000000702e00000|  0%| F|  |TAMS 0x0000000702c00000, 0x0000000702c00000| Untracked 
|  18|0x0000000702e00000, 0x0000000702f75db8, 0x0000000703000000| 73%| S|CS|TAMS 0x0000000702e00000, 0x0000000702e00000| Complete 
|  19|0x0000000703000000, 0x0000000703000000, 0x0000000703200000|  0%| F|  |TAMS 0x0000000703000000, 0x0000000703000000| Untracked 
|  20|0x0000000703200000, 0x0000000703200000, 0x0000000703400000|  0%| F|  |TAMS 0x0000000703200000, 0x0000000703200000| Untracked 
|  21|0x0000000703400000, 0x0000000703400000, 0x0000000703600000|  0%| F|  |TAMS 0x0000000703400000, 0x0000000703400000| Untracked 
|  22|0x0000000703600000, 0x0000000703600000, 0x0000000703800000|  0%| F|  |TAMS 0x0000000703600000, 0x0000000703600000| Untracked 
|  23|0x0000000703800000, 0x0000000703800000, 0x0000000703a00000|  0%| F|  |TAMS 0x0000000703800000, 0x0000000703800000| Untracked 
|  24|0x0000000703a00000, 0x0000000703a00000, 0x0000000703c00000|  0%| F|  |TAMS 0x0000000703a00000, 0x0000000703a00000| Untracked 
|  94|0x000000070c600000, 0x000000070c600000, 0x000000070c800000|  0%| F|  |TAMS 0x000000070c600000, 0x000000070c600000| Untracked 
|  95|0x000000070c800000, 0x000000070c800000, 0x000000070ca00000|  0%| F|  |TAMS 0x000000070c800000, 0x000000070c800000| Untracked 
|  96|0x000000070ca00000, 0x000000070ca00000, 0x000000070cc00000|  0%| F|  |TAMS 0x000000070ca00000, 0x000000070ca00000| Untracked 
|  97|0x000000070cc00000, 0x000000070cc00000, 0x000000070ce00000|  0%| F|  |TAMS 0x000000070cc00000, 0x000000070cc00000| Untracked 
| 127|0x0000000710800000, 0x00000007109ca1b8, 0x0000000710a00000| 89%| E|  |TAMS 0x0000000710800000, 0x0000000710800000| Complete 

Card table byte_map: [0x0000021320580000,0x0000021320d80000] _byte_map_base: 0x000002131cd7b000

Marking Bits (Prev, Next): (CMBitMap*) 0x00000213074ce620, (CMBitMap*) 0x00000213074ce5e0
 Prev Bits: [0x0000021325560000, 0x0000021329538000)
 Next Bits: [0x0000021321580000, 0x0000021325558000)

Polling page: 0x0000021307520000

Metaspace:

Usage:
  Non-class:     58.39 MB used.
      Class:      9.20 MB used.
       Both:     67.59 MB used.

Virtual space:
  Non-class space:       64.00 MB reserved,      58.69 MB ( 92%) committed,  1 nodes.
      Class space:        1.00 GB reserved,       9.44 MB ( <1%) committed,  1 nodes.
             Both:        1.06 GB reserved,      68.12 MB (  6%) committed. 

Chunk freelists:
   Non-Class:  5.20 MB
       Class:  6.47 MB
        Both:  11.67 MB

MaxMetaspaceSize: unlimited
CompressedClassSpaceSize: 1.00 GB
Initial GC threshold: 21.00 MB
Current GC threshold: 98.38 MB
CDS: on
MetaspaceReclaimPolicy: balanced
 - commit_granule_bytes: 65536.
 - commit_granule_words: 8192.
 - virtual_space_node_default_size: 8388608.
 - enlarge_chunks_in_place: 1.
 - new_chunks_are_fully_committed: 0.
 - uncommit_free_chunks: 1.
 - use_allocation_guard: 0.
 - handle_deallocations: 1.


Internal statistics:

num_allocs_failed_limit: 9.
num_arena_births: 780.
num_arena_deaths: 0.
num_vsnodes_births: 2.
num_vsnodes_deaths: 0.
num_space_committed: 1090.
num_space_uncommitted: 0.
num_chunks_returned_to_freelist: 9.
num_chunks_taken_from_freelist: 3172.
num_chunk_merges: 9.
num_chunk_splits: 2347.
num_chunks_enlarged: 1874.
num_inconsistent_stats: 0.

CodeHeap 'non-profiled nmethods': size=120000Kb used=3713Kb max_used=3713Kb free=116286Kb
 bounds [0x0000021317df0000, 0x00000213181a0000, 0x000002131f320000]
CodeHeap 'profiled nmethods': size=120000Kb used=10166Kb max_used=10459Kb free=109833Kb
 bounds [0x0000021310320000, 0x0000021310d60000, 0x0000021317850000]
CodeHeap 'non-nmethods': size=5760Kb used=1358Kb max_used=1473Kb free=4401Kb
 bounds [0x0000021317850000, 0x0000021317ac0000, 0x0000021317df0000]
 total_blobs=5701 nmethods=5011 adapters=602
 compilation: enabled
              stopped_count=0, restarted_count=0
 full_count=0

Compilation events (20 events):
Event: 433.234 Thread 0x000002132c103f60 nmethod 5808 0x00000213106f7d90 code [0x00000213106f7f20, 0x00000213106f8038]
Event: 443.237 Thread 0x000002132c103f60 5809       3       java.util.Comparator$$Lambda$840/0x000002132e23a0b0::compare (10 bytes)
Event: 443.238 Thread 0x000002132c103f60 nmethod 5809 0x000002131087c510 code [0x000002131087c6e0, 0x000002131087cb78]
Event: 443.239 Thread 0x000002132c103f60 5810       3       java.util.Comparator::lambda$comparingLong$6043328a$1 (18 bytes)
Event: 443.239 Thread 0x000002132c103f60 nmethod 5810 0x000002131087be10 code [0x000002131087bfe0, 0x000002131087c3d8]
Event: 453.242 Thread 0x000002132c103650 5811       4       jdk.internal.misc.Unsafe::putIntOpaque (9 bytes)
Event: 453.244 Thread 0x000002132c103650 nmethod 5811 0x000002131818f290 code [0x000002131818f400, 0x000002131818f498]
Event: 461.254 Thread 0x000002132c103650 5812       4       java.nio.HeapByteBuffer::<init> (23 bytes)
Event: 461.254 Thread 0x000002132c103f60 5813       3       java.nio.ByteBuffer::reset (7 bytes)
Event: 461.255 Thread 0x000002132c103f60 nmethod 5813 0x000002131087b910 code [0x000002131087bac0, 0x000002131087bce8]
Event: 461.265 Thread 0x000002132c103650 nmethod 5812 0x000002131818f590 code [0x000002131818f720, 0x000002131818fb18]
Event: 463.256 Thread 0x000002132c103f60 5814       1       java.util.EventObject::getSource (5 bytes)
Event: 463.257 Thread 0x000002132c103f60 nmethod 5814 0x000002131818fd90 code [0x000002131818ff20, 0x000002131818fff8]
Event: 470.845 Thread 0x000002132c103f60 5815  s    3       java.io.BufferedOutputStream::write (67 bytes)
Event: 470.846 Thread 0x000002132c103f60 nmethod 5815 0x000002131087ad90 code [0x000002131087afa0, 0x000002131087b718]
Event: 470.846 Thread 0x000002132c103f60 5816       3       com.sun.crypto.provider.GaloisCounterMode::checkReInit (19 bytes)
Event: 470.846 Thread 0x000002132c103f60 nmethod 5816 0x000002131087a910 code [0x000002131087aac0, 0x000002131087aca8]
Event: 485.980 Thread 0x000002132c103650 5817       4       java.util.concurrent.locks.AbstractQueuedSynchronizer$Node::setStatusRelaxed (12 bytes)
Event: 485.981 Thread 0x000002132c103650 nmethod 5817 0x0000021318190090 code [0x0000021318190200, 0x0000021318190278]
Event: 507.969 Thread 0x000002132c103650 5819  s    4       java.io.ByteArrayOutputStream::write (43 bytes)

GC Heap History (20 events):
Event: 3.244 GC heap before
{Heap before GC invocations=6 (full 0):
 garbage-first heap   total 61440K, used 39912K [0x0000000700a00000, 0x0000000800000000)
  region size 2048K, 12 young (24576K), 1 survivors (2048K)
 Metaspace       used 31098K, committed 31552K, reserved 1114112K
  class space    used 4033K, committed 4224K, reserved 1048576K
}
Event: 3.247 GC heap after
{Heap after GC invocations=7 (full 0):
 garbage-first heap   total 61440K, used 18408K [0x0000000700a00000, 0x0000000800000000)
  region size 2048K, 1 young (2048K), 1 survivors (2048K)
 Metaspace       used 31098K, committed 31552K, reserved 1114112K
  class space    used 4033K, committed 4224K, reserved 1048576K
}
Event: 3.605 GC heap before
{Heap before GC invocations=7 (full 0):
 garbage-first heap   total 61440K, used 38888K [0x0000000700a00000, 0x0000000800000000)
  region size 2048K, 12 young (24576K), 1 survivors (2048K)
 Metaspace       used 35548K, committed 35968K, reserved 1114112K
  class space    used 4773K, committed 4992K, reserved 1048576K
}
Event: 3.608 GC heap after
{Heap after GC invocations=8 (full 0):
 garbage-first heap   total 61440K, used 19202K [0x0000000700a00000, 0x0000000800000000)
  region size 2048K, 2 young (4096K), 2 survivors (4096K)
 Metaspace       used 35548K, committed 35968K, reserved 1114112K
  class space    used 4773K, committed 4992K, reserved 1048576K
}
Event: 4.267 GC heap before
{Heap before GC invocations=9 (full 0):
 garbage-first heap   total 61440K, used 41730K [0x0000000700a00000, 0x0000000800000000)
  region size 2048K, 13 young (26624K), 2 survivors (4096K)
 Metaspace       used 44942K, committed 45440K, reserved 1114112K
  class space    used 5914K, committed 6144K, reserved 1048576K
}
Event: 4.270 GC heap after
{Heap after GC invocations=10 (full 0):
 garbage-first heap   total 61440K, used 21600K [0x0000000700a00000, 0x0000000800000000)
  region size 2048K, 2 young (4096K), 2 survivors (4096K)
 Metaspace       used 44942K, committed 45440K, reserved 1114112K
  class space    used 5914K, committed 6144K, reserved 1048576K
}
Event: 4.623 GC heap before
{Heap before GC invocations=10 (full 0):
 garbage-first heap   total 61440K, used 42080K [0x0000000700a00000, 0x0000000800000000)
  region size 2048K, 13 young (26624K), 2 survivors (4096K)
 Metaspace       used 49420K, committed 49792K, reserved 1114112K
  class space    used 6482K, committed 6656K, reserved 1048576K
}
Event: 4.625 GC heap after
{Heap after GC invocations=11 (full 0):
 garbage-first heap   total 61440K, used 23130K [0x0000000700a00000, 0x0000000800000000)
  region size 2048K, 1 young (2048K), 1 survivors (2048K)
 Metaspace       used 49420K, committed 49792K, reserved 1114112K
  class space    used 6482K, committed 6656K, reserved 1048576K
}
Event: 5.005 GC heap before
{Heap before GC invocations=11 (full 0):
 garbage-first heap   total 61440K, used 45658K [0x0000000700a00000, 0x0000000800000000)
  region size 2048K, 12 young (24576K), 1 survivors (2048K)
 Metaspace       used 55812K, committed 56320K, reserved 1114112K
  class space    used 7524K, committed 7744K, reserved 1048576K
}
Event: 5.007 GC heap after
{Heap after GC invocations=12 (full 0):
 garbage-first heap   total 61440K, used 23481K [0x0000000700a00000, 0x0000000800000000)
  region size 2048K, 2 young (4096K), 2 survivors (4096K)
 Metaspace       used 55812K, committed 56320K, reserved 1114112K
  class space    used 7524K, committed 7744K, reserved 1048576K
}
Event: 5.428 GC heap before
{Heap before GC invocations=12 (full 0):
 garbage-first heap   total 61440K, used 46009K [0x0000000700a00000, 0x0000000800000000)
  region size 2048K, 13 young (26624K), 2 survivors (4096K)
 Metaspace       used 59719K, committed 60224K, reserved 1114112K
  class space    used 8095K, committed 8320K, reserved 1048576K
}
Event: 5.431 GC heap after
{Heap after GC invocations=13 (full 0):
 garbage-first heap   total 61440K, used 25306K [0x0000000700a00000, 0x0000000800000000)
  region size 2048K, 2 young (4096K), 2 survivors (4096K)
 Metaspace       used 59719K, committed 60224K, reserved 1114112K
  class space    used 8095K, committed 8320K, reserved 1048576K
}
Event: 5.452 GC heap before
{Heap before GC invocations=13 (full 0):
 garbage-first heap   total 61440K, used 25306K [0x0000000700a00000, 0x0000000800000000)
  region size 2048K, 3 young (6144K), 2 survivors (4096K)
 Metaspace       used 59848K, committed 60288K, reserved 1114112K
  class space    used 8110K, committed 8320K, reserved 1048576K
}
Event: 5.455 GC heap after
{Heap after GC invocations=14 (full 0):
 garbage-first heap   total 61440K, used 25409K [0x0000000700a00000, 0x0000000800000000)
  region size 2048K, 1 young (2048K), 1 survivors (2048K)
 Metaspace       used 59848K, committed 60288K, reserved 1114112K
  class space    used 8110K, committed 8320K, reserved 1048576K
}
Event: 5.889 GC heap before
{Heap before GC invocations=15 (full 0):
 garbage-first heap   total 61440K, used 47937K [0x0000000700a00000, 0x0000000800000000)
  region size 2048K, 12 young (24576K), 1 survivors (2048K)
 Metaspace       used 62501K, committed 63040K, reserved 1114112K
  class space    used 8541K, committed 8832K, reserved 1048576K
}
Event: 5.893 GC heap after
{Heap after GC invocations=16 (full 0):
 garbage-first heap   total 61440K, used 27334K [0x0000000700a00000, 0x0000000800000000)
  region size 2048K, 2 young (4096K), 2 survivors (4096K)
 Metaspace       used 62501K, committed 63040K, reserved 1114112K
  class space    used 8541K, committed 8832K, reserved 1048576K
}
Event: 21.184 GC heap before
{Heap before GC invocations=16 (full 0):
 garbage-first heap   total 61440K, used 27334K [0x0000000700a00000, 0x0000000800000000)
  region size 2048K, 3 young (6144K), 2 survivors (4096K)
 Metaspace       used 63182K, committed 63744K, reserved 1114112K
  class space    used 8623K, committed 8896K, reserved 1048576K
}
Event: 21.189 GC heap after
{Heap after GC invocations=17 (full 0):
 garbage-first heap   total 61440K, used 27260K [0x0000000700a00000, 0x0000000800000000)
  region size 2048K, 1 young (2048K), 1 survivors (2048K)
 Metaspace       used 63182K, committed 63744K, reserved 1114112K
  class space    used 8623K, committed 8896K, reserved 1048576K
}
Event: 23.256 GC heap before
{Heap before GC invocations=17 (full 0):
 garbage-first heap   total 61440K, used 45692K [0x0000000700a00000, 0x0000000800000000)
  region size 2048K, 11 young (22528K), 1 survivors (2048K)
 Metaspace       used 68765K, committed 69312K, reserved 1114112K
  class space    used 9382K, committed 9600K, reserved 1048576K
}
Event: 23.259 GC heap after
{Heap after GC invocations=18 (full 0):
 garbage-first heap   total 61440K, used 28087K [0x0000000700a00000, 0x0000000800000000)
  region size 2048K, 1 young (2048K), 1 survivors (2048K)
 Metaspace       used 68765K, committed 69312K, reserved 1114112K
  class space    used 9382K, committed 9600K, reserved 1048576K
}

Deoptimization events (20 events):
Event: 23.231 Thread 0x0000021373c4c9b0 Uncommon trap: trap_request=0xffffff45 fr.pc=0x0000021318100f80 relative=0x00000000000003e0
Event: 23.231 Thread 0x0000021373c4c9b0 Uncommon trap: reason=unstable_if action=reinterpret pc=0x0000021318100f80 method=java.util.Arrays$ArrayList.indexOf(Ljava/lang/Object;)I @ 6 c2
Event: 23.231 Thread 0x0000021373c4c9b0 DEOPT PACKING pc=0x0000021318100f80 sp=0x000000a2d7cfcb50
Event: 23.231 Thread 0x0000021373c4c9b0 DEOPT UNPACKING pc=0x00000213178a23a3 sp=0x000000a2d7cfcae0 mode 2
Event: 23.268 Thread 0x0000021373c4c9b0 Uncommon trap: trap_request=0xffffff45 fr.pc=0x0000021317f01aa8 relative=0x0000000000000348
Event: 23.268 Thread 0x0000021373c4c9b0 Uncommon trap: reason=unstable_if action=reinterpret pc=0x0000021317f01aa8 method=java.util.HashMap.getNode(Ljava/lang/Object;)Ljava/util/HashMap$Node; @ 66 c2
Event: 23.268 Thread 0x0000021373c4c9b0 DEOPT PACKING pc=0x0000021317f01aa8 sp=0x000000a2d7cfca80
Event: 23.268 Thread 0x0000021373c4c9b0 DEOPT UNPACKING pc=0x00000213178a23a3 sp=0x000000a2d7cfc9b0 mode 2
Event: 32.545 Thread 0x0000021373c4d3d0 Uncommon trap: trap_request=0xffffffc6 fr.pc=0x0000021318118a78 relative=0x00000000000016b8
Event: 32.545 Thread 0x0000021373c4d3d0 Uncommon trap: reason=bimorphic_or_optimized_type_check action=maybe_recompile pc=0x0000021318118a78 method=java.util.concurrent.ConcurrentHashMap.putVal(Ljava/lang/Object;Ljava/lang/Object;Z)Ljava/lang/Object; @ 159 c2
Event: 32.545 Thread 0x0000021373c4d3d0 DEOPT PACKING pc=0x0000021318118a78 sp=0x000000a2d7efde90
Event: 32.545 Thread 0x0000021373c4d3d0 DEOPT UNPACKING pc=0x00000213178a23a3 sp=0x000000a2d7efde20 mode 2
Event: 32.545 Thread 0x0000021373c4d3d0 Uncommon trap: trap_request=0xffffff45 fr.pc=0x0000021318055678 relative=0x0000000000000258
Event: 32.545 Thread 0x0000021373c4d3d0 Uncommon trap: reason=unstable_if action=reinterpret pc=0x0000021318055678 method=java.lang.invoke.MethodType.equals(Ljava/lang/Object;)Z @ 11 c2
Event: 32.545 Thread 0x0000021373c4d3d0 DEOPT PACKING pc=0x0000021318055678 sp=0x000000a2d7efdd70
Event: 32.545 Thread 0x0000021373c4d3d0 DEOPT UNPACKING pc=0x00000213178a23a3 sp=0x000000a2d7efdd38 mode 2
Event: 32.545 Thread 0x0000021373c4d3d0 Uncommon trap: trap_request=0xffffff54 fr.pc=0x0000021317f08070 relative=0x0000000000001270
Event: 32.545 Thread 0x0000021373c4d3d0 Uncommon trap: reason=speculate_null_assert action=make_not_entrant pc=0x0000021317f08070 method=java.lang.invoke.MethodType$ConcurrentWeakInternSet.add(Ljava/lang/Object;)Ljava/lang/Object; @ 47 c2
Event: 32.545 Thread 0x0000021373c4d3d0 DEOPT PACKING pc=0x0000021317f08070 sp=0x000000a2d7efdf50
Event: 32.545 Thread 0x0000021373c4d3d0 DEOPT UNPACKING pc=0x00000213178a23a3 sp=0x000000a2d7efdef8 mode 2

Classes unloaded (0 events):
No events

Classes redefined (0 events):
No events

Internal exceptions (20 events):
Event: 5.381 Thread 0x0000021307463f20 Exception <a 'java/lang/IncompatibleClassChangeError'{0x0000000703262600}: Found class java.lang.Object, but interface was expected> (0x0000000703262600) 
thrown [s\open\src\hotspot\share\interpreter\linkResolver.cpp, line 826]
Event: 5.581 Thread 0x0000021307463f20 Exception <a 'java/lang/NoSuchMethodError'{0x000000070c9c5fd8}: 'java.lang.Object java.lang.invoke.DirectMethodHandle$Holder.invokeStatic(java.lang.Object, int, java.lang.Object, java.lang.Object)'> (0x000000070c9c5fd8) 
thrown [s\open\src\hotspot\share\interpreter\linkResolver.cpp, line 759]
Event: 5.582 Thread 0x0000021307463f20 Exception <a 'java/lang/NoSuchMethodError'{0x000000070c9ca6f0}: 'java.lang.Object java.lang.invoke.DirectMethodHandle$Holder.invokeSpecial(java.lang.Object, java.lang.Object, int, java.lang.Object, java.lang.Object)'> (0x000000070c9ca6f0) 
thrown [s\open\src\hotspot\share\interpreter\linkResolver.cpp, line 759]
Event: 5.582 Thread 0x0000021307463f20 Exception <a 'java/lang/NoSuchMethodError'{0x000000070c9ce640}: 'java.lang.Object java.lang.invoke.DelegatingMethodHandle$Holder.delegate(java.lang.Object, int, java.lang.Object, java.lang.Object)'> (0x000000070c9ce640) 
thrown [s\open\src\hotspot\share\interpreter\linkResolver.cpp, line 759]
Event: 5.586 Thread 0x0000021307463f20 Exception <a 'java/lang/NoSuchMethodError'{0x000000070c9dfa98}: 'int java.lang.invoke.Invokers$Holder.linkToTargetMethod(java.lang.Object, java.lang.Object, java.lang.Object)'> (0x000000070c9dfa98) 
thrown [s\open\src\hotspot\share\interpreter\linkResolver.cpp, line 759]
Event: 5.601 Thread 0x0000021307463f20 Exception <a 'sun/nio/fs/WindowsException'{0x000000070c67cf08}> (0x000000070c67cf08) 
thrown [s\open\src\hotspot\share\prims\jni.cpp, line 516]
Event: 5.638 Thread 0x0000021307463f20 Exception <a 'java/lang/IncompatibleClassChangeError'{0x0000000703b26600}: Found class java.lang.Object, but interface was expected> (0x0000000703b26600) 
thrown [s\open\src\hotspot\share\interpreter\linkResolver.cpp, line 826]
Event: 5.805 Thread 0x0000021307463f20 Exception <a 'java/lang/IncompatibleClassChangeError'{0x00000007032f14b8}: Found class java.lang.Object, but interface was expected> (0x00000007032f14b8) 
thrown [s\open\src\hotspot\share\interpreter\linkResolver.cpp, line 826]
Event: 5.814 Thread 0x0000021307463f20 Implicit null exception at 0x0000021317f6a594 to 0x0000021317f6a60c
Event: 5.834 Thread 0x0000021307463f20 Exception <a 'java/lang/NoSuchMethodError'{0x0000000703074600}: 'java.lang.Object java.lang.invoke.DirectMethodHandle$Holder.invokeSpecial(java.lang.Object, java.lang.Object, java.lang.Object, java.lang.Object, java.lang.Object, java.lang.Object, java.lang.Object, java.lang.Object, java.lang.Object, java.lang.Object, java.lang.Object)'> (0x0000000703074600) 
thrown [s\open\src\hotspot\share\interpreter\linkResolver.cpp, line 759]
Event: 5.834 Thread 0x0000021307463f20 Exception <a 'java/lang/NoSuchMethodError'{0x0000000703078a30}: 'java.lang.Object java.lang.invoke.Invokers$Holder.invoke_MT(java.lang.Object, java.lang.Object, java.lang.Object, java.lang.Object, java.lang.Object, java.lang.Object, java.lang.Object, java.lang.Object, java.lang.Object, java.lang.Object, java.lang.Object)'> (0x0000000703078a30) 
thrown [s\open\src\hotspot\share\interpreter\linkResolver.cpp, line 759]
Event: 5.881 Thread 0x0000021307463f20 Exception <a 'java/lang/NoSuchMethodError'{0x0000000702f51398}: 'java.lang.Object java.lang.invoke.DirectMethodHandle$Holder.newInvokeSpecial(java.lang.Object, java.lang.Object, int, java.lang.Object, java.lang.Object)'> (0x0000000702f51398) 
thrown [s\open\src\hotspot\share\interpreter\linkResolver.cpp, line 759]
Event: 21.167 Thread 0x000002132cb40810 Exception <a 'java/lang/NoSuchMethodError'{0x00000007109246b8}: 'java.lang.Object java.lang.invoke.DirectMethodHandle$Holder.invokeStaticInit(java.lang.Object, java.lang.Object, java.lang.Object, int, int)'> (0x00000007109246b8) 
thrown [s\open\src\hotspot\share\interpreter\linkResolver.cpp, line 759]
Event: 21.200 Thread 0x0000021373c4e810 Exception <a 'java/lang/NoSuchMethodError'{0x00000007108a63e0}: 'java.lang.Object java.lang.invoke.DirectMethodHandle$Holder.invokeSpecial(java.lang.Object, java.lang.Object, java.lang.Object, java.lang.Object, java.lang.Object, long)'> (0x00000007108a63e0) 
thrown [s\open\src\hotspot\share\interpreter\linkResolver.cpp, line 759]
Event: 21.200 Thread 0x0000021373c4e810 Exception <a 'java/lang/NoSuchMethodError'{0x00000007108a9e20}: 'java.lang.Object java.lang.invoke.Invokers$Holder.linkToTargetMethod(java.lang.Object, java.lang.Object, java.lang.Object, long, java.lang.Object)'> (0x00000007108a9e20) 
thrown [s\open\src\hotspot\share\interpreter\linkResolver.cpp, line 759]
Event: 23.071 Thread 0x0000021373c4d8e0 Exception <a 'java/lang/NoSuchMethodError'{0x000000070364d8c0}: 'java.lang.Object java.lang.invoke.DirectMethodHandle$Holder.invokeInterface(java.lang.Object, java.lang.Object, java.lang.Object, java.lang.Object)'> (0x000000070364d8c0) 
thrown [s\open\src\hotspot\share\interpreter\linkResolver.cpp, line 759]
Event: 23.080 Thread 0x0000021373c4d8e0 Exception <a 'java/lang/IncompatibleClassChangeError'{0x00000007036de9f0}: Found class java.lang.Object, but interface was expected> (0x00000007036de9f0) 
thrown [s\open\src\hotspot\share\interpreter\linkResolver.cpp, line 826]
Event: 23.153 Thread 0x0000021373c4d8e0 Exception <a 'java/lang/IncompatibleClassChangeError'{0x00000007032d65f8}: Found class java.lang.Object, but interface was expected> (0x00000007032d65f8) 
thrown [s\open\src\hotspot\share\interpreter\linkResolver.cpp, line 826]
Event: 23.207 Thread 0x0000021373c4c9b0 Exception <a 'java/lang/NoSuchMethodError'{0x000000070339ac60}: 'java.lang.Object java.lang.invoke.DirectMethodHandle$Holder.invokeStatic(java.lang.Object, int, int)'> (0x000000070339ac60) 
thrown [s\open\src\hotspot\share\interpreter\linkResolver.cpp, line 759]
Event: 23.231 Thread 0x0000021373c4c9b0 Implicit null exception at 0x0000021318100bd3 to 0x0000021318100f68

VM Operations (20 events):
Event: 153.958 Executing VM operation: Cleanup
Event: 153.958 Executing VM operation: Cleanup done
Event: 186.249 Executing VM operation: Cleanup
Event: 186.249 Executing VM operation: Cleanup done
Event: 194.328 Executing VM operation: Cleanup
Event: 194.328 Executing VM operation: Cleanup done
Event: 196.334 Executing VM operation: Cleanup
Event: 196.334 Executing VM operation: Cleanup done
Event: 218.480 Executing VM operation: Cleanup
Event: 218.480 Executing VM operation: Cleanup done
Event: 219.489 Executing VM operation: Cleanup
Event: 219.489 Executing VM operation: Cleanup done
Event: 238.634 Executing VM operation: Cleanup
Event: 238.635 Executing VM operation: Cleanup done
Event: 263.822 Executing VM operation: Cleanup
Event: 263.822 Executing VM operation: Cleanup done
Event: 290.058 Executing VM operation: Cleanup
Event: 290.058 Executing VM operation: Cleanup done
Event: 293.083 Executing VM operation: Cleanup
Event: 293.083 Executing VM operation: Cleanup done

Events (20 events):
Event: 23.216 loading class java/time/format/DateTimeFormatterBuilder$ReducedPrinterParser
Event: 23.216 loading class java/time/format/DateTimeFormatterBuilder$ReducedPrinterParser done
Event: 23.221 loading class java/util/stream/ReferencePipeline$4
Event: 23.221 loading class java/util/stream/ReferencePipeline$4 done
Event: 23.221 loading class java/util/function/IntBinaryOperator
Event: 23.221 loading class java/util/function/IntBinaryOperator done
Event: 23.222 loading class java/util/stream/ReduceOps$7
Event: 23.222 loading class java/util/stream/ReduceOps$7 done
Event: 23.222 loading class java/util/stream/ReduceOps$6ReducingSink
Event: 23.222 loading class java/util/stream/ReduceOps$6ReducingSink done
Event: 23.222 loading class java/util/stream/ReferencePipeline$4$1
Event: 23.222 loading class java/util/stream/ReferencePipeline$4$1 done
Event: 23.230 loading class java/util/OptionalLong
Event: 23.230 loading class java/util/OptionalLong done
Event: 23.230 loading class java/util/OptionalDouble
Event: 23.231 loading class java/util/OptionalDouble done
Event: 23.261 loading class java/util/stream/LongStream
Event: 23.261 loading class java/util/stream/LongStream done
Event: 23.261 loading class java/util/stream/DoubleStream
Event: 23.262 loading class java/util/stream/DoubleStream done


Dynamic libraries:
0x00007ff642240000 - 0x00007ff642250000 	C:\Program Files\Java\jdk-17\bin\java.exe
0x00007ff9ea240000 - 0x00007ff9ea4a8000 	C:\WINDOWS\SYSTEM32\ntdll.dll
0x00007ff9e8510000 - 0x00007ff9e85d9000 	C:\WINDOWS\System32\KERNEL32.DLL
0x00007ff9e7880000 - 0x00007ff9e7c78000 	C:\WINDOWS\System32\KERNELBASE.dll
0x00007ff9e7670000 - 0x00007ff9e77bb000 	C:\WINDOWS\System32\ucrtbase.dll
0x00007ff9d3d20000 - 0x00007ff9d3d3b000 	C:\Program Files\Java\jdk-17\bin\VCRUNTIME140.dll
0x00007ff9d9b40000 - 0x00007ff9d9b59000 	C:\Program Files\Java\jdk-17\bin\jli.dll
0x00007ff9e80e0000 - 0x00007ff9e8194000 	C:\WINDOWS\System32\ADVAPI32.dll
0x00007ff9e8650000 - 0x00007ff9e86f9000 	C:\WINDOWS\System32\msvcrt.dll
0x00007ff9e7fe0000 - 0x00007ff9e8086000 	C:\WINDOWS\System32\sechost.dll
0x00007ff9e8af0000 - 0x00007ff9e8c08000 	C:\WINDOWS\System32\RPCRT4.dll
0x00007ff9e9d20000 - 0x00007ff9e9ee7000 	C:\WINDOWS\System32\USER32.dll
0x00007ff9e64a0000 - 0x00007ff9e6734000 	C:\WINDOWS\WinSxS\amd64_microsoft.windows.common-controls_6595b64144ccf1df_6.0.26100.7019_none_3e06ffa0e335b8a8\COMCTL32.dll
0x00007ff9e7850000 - 0x00007ff9e7877000 	C:\WINDOWS\System32\win32u.dll
0x00007ff9e83e0000 - 0x00007ff9e840b000 	C:\WINDOWS\System32\GDI32.dll
0x00007ff9e7c80000 - 0x00007ff9e7dac000 	C:\WINDOWS\System32\gdi32full.dll
0x00007ff9e7f30000 - 0x00007ff9e7fd3000 	C:\WINDOWS\System32\msvcp_win.dll
0x00007ff9e0480000 - 0x00007ff9e048b000 	C:\WINDOWS\SYSTEM32\VERSION.dll
0x00007ff9e83a0000 - 0x00007ff9e83d1000 	C:\WINDOWS\System32\IMM32.DLL
0x00007ff9e6ae0000 - 0x00007ff9e6aec000 	C:\Program Files\Java\jdk-17\bin\vcruntime140_1.dll
0x00007ff9ba890000 - 0x00007ff9ba91e000 	C:\Program Files\Java\jdk-17\bin\msvcp140.dll
0x00007ff963470000 - 0x00007ff964051000 	C:\Program Files\Java\jdk-17\bin\server\jvm.dll
0x00007ff9ea1e0000 - 0x00007ff9ea1e8000 	C:\WINDOWS\System32\PSAPI.DLL
0x00007ff9df800000 - 0x00007ff9df835000 	C:\WINDOWS\SYSTEM32\WINMM.dll
0x00007ff9da510000 - 0x00007ff9da51a000 	C:\WINDOWS\SYSTEM32\WSOCK32.dll
0x00007ff9e9af0000 - 0x00007ff9e9b64000 	C:\WINDOWS\System32\WS2_32.dll
0x00007ff9e5820000 - 0x00007ff9e583b000 	C:\WINDOWS\SYSTEM32\kernel.appcore.dll
0x00007ff9d9aa0000 - 0x00007ff9d9aaa000 	C:\Program Files\Java\jdk-17\bin\jimage.dll
0x00007ff9e6b50000 - 0x00007ff9e6d92000 	C:\WINDOWS\SYSTEM32\DBGHELP.DLL
0x00007ff9e8700000 - 0x00007ff9e8a8b000 	C:\WINDOWS\System32\combase.dll
0x00007ff9e9a10000 - 0x00007ff9e9ae7000 	C:\WINDOWS\System32\OLEAUT32.dll
0x00007ff9e6a40000 - 0x00007ff9e6a7c000 	C:\WINDOWS\SYSTEM32\dbgcore.DLL
0x00007ff9e75c0000 - 0x00007ff9e7665000 	C:\WINDOWS\System32\bcryptPrimitives.dll
0x00007ff9d3cf0000 - 0x00007ff9d3cfe000 	C:\Program Files\Java\jdk-17\bin\instrument.dll
0x00007ff9bf230000 - 0x00007ff9bf255000 	C:\Program Files\Java\jdk-17\bin\java.dll
0x00007ff963390000 - 0x00007ff963467000 	C:\Program Files\Java\jdk-17\bin\jsvml.dll
0x00007ff9e9220000 - 0x00007ff9e996f000 	C:\WINDOWS\System32\SHELL32.dll
0x00007ff9e7390000 - 0x00007ff9e74fb000 	C:\WINDOWS\System32\wintypes.dll
0x00007ff9e4580000 - 0x00007ff9e4ddd000 	C:\WINDOWS\SYSTEM32\windows.storage.dll
0x00007ff9e8410000 - 0x00007ff9e8502000 	C:\WINDOWS\System32\SHCORE.dll
0x00007ff9e85e0000 - 0x00007ff9e8647000 	C:\WINDOWS\System32\shlwapi.dll
0x00007ff9e72b0000 - 0x00007ff9e72d9000 	C:\WINDOWS\SYSTEM32\profapi.dll
0x00007ff9d2420000 - 0x00007ff9d2438000 	C:\Program Files\Java\jdk-17\bin\zip.dll
0x00007ff9c9480000 - 0x00007ff9c9499000 	C:\Program Files\Java\jdk-17\bin\net.dll
0x00007ff9e05c0000 - 0x00007ff9e06e8000 	C:\WINDOWS\SYSTEM32\WINHTTP.dll
0x00007ff9e5d50000 - 0x00007ff9e5dbb000 	C:\WINDOWS\system32\mswsock.dll
0x00007ff9bf210000 - 0x00007ff9bf226000 	C:\Program Files\Java\jdk-17\bin\nio.dll
0x00007ff9be640000 - 0x00007ff9be64e000 	C:\Program Files\Java\jdk-17\bin\sunmscapi.dll
0x00007ff9e7db0000 - 0x00007ff9e7f27000 	C:\WINDOWS\System32\CRYPT32.dll
0x00007ff9e6460000 - 0x00007ff9e6490000 	C:\WINDOWS\SYSTEM32\ncrypt.dll
0x00007ff9e6410000 - 0x00007ff9e644f000 	C:\WINDOWS\SYSTEM32\NTASN1.dll
0x00007ff9e6ec0000 - 0x00007ff9e6edb000 	C:\WINDOWS\SYSTEM32\CRYPTSP.dll
0x00007ff9e5e30000 - 0x00007ff9e5e6a000 	C:\WINDOWS\system32\rsaenh.dll
0x00007ff9e5e00000 - 0x00007ff9e5e2b000 	C:\WINDOWS\SYSTEM32\USERENV.dll
0x00007ff9e7280000 - 0x00007ff9e72aa000 	C:\WINDOWS\SYSTEM32\bcrypt.dll
0x00007ff9e60a0000 - 0x00007ff9e60ac000 	C:\WINDOWS\SYSTEM32\CRYPTBASE.dll
0x00007ff9e5270000 - 0x00007ff9e52a4000 	C:\WINDOWS\SYSTEM32\IPHLPAPI.DLL
0x00007ff9e9d10000 - 0x00007ff9e9d1a000 	C:\WINDOWS\System32\NSI.dll
0x00007ff9e0590000 - 0x00007ff9e05ae000 	C:\WINDOWS\SYSTEM32\dhcpcsvc6.DLL
0x00007ff9e04f0000 - 0x00007ff9e0513000 	C:\WINDOWS\SYSTEM32\dhcpcsvc.DLL
0x00007ff9e5300000 - 0x00007ff9e542c000 	C:\WINDOWS\SYSTEM32\DNSAPI.dll
0x00007ff9c63d0000 - 0x00007ff9c63da000 	C:\Program Files\Java\jdk-17\bin\management.dll
0x00007ff9c39a0000 - 0x00007ff9c39ab000 	C:\Program Files\Java\jdk-17\bin\management_ext.dll
0x00007ff9deed0000 - 0x00007ff9deedb000 	C:\Windows\System32\rasadhlp.dll
0x00007ff9dfa20000 - 0x00007ff9dfaa6000 	C:\WINDOWS\System32\fwpuclnt.dll
0x00007ff9c6d60000 - 0x00007ff9c6d68000 	C:\WINDOWS\system32\wshunix.dll

dbghelp: loaded successfully - version: 4.0.5 - missing functions: none
symbol engine: initialized successfully - sym options: 0x614 - pdb path: .;C:\Program Files\Java\jdk-17\bin;C:\WINDOWS\SYSTEM32;C:\WINDOWS\WinSxS\amd64_microsoft.windows.common-controls_6595b64144ccf1df_6.0.26100.7019_none_3e06ffa0e335b8a8;C:\Program Files\Java\jdk-17\bin\server

VM Arguments:
jvm_args: -javaagent:C:\Program Files\JetBrains\IntelliJ IDEA Community Edition 2025.2.5\lib\idea_rt.jar=56326 -Dfile.encoding=UTF-8 
java_command: com.example.exam.ExamApplication
java_class_path (initial): C:\Users\seoulit4\Downloads\exam\exam\out\production\classes;C:\Users\seoulit4\Downloads\exam\exam\out\production\resources;C:\Users\seoulit4\.gradle\caches\modules-2\files-2.1\org.springframework.boot\spring-boot-starter-data-jpa\3.5.8\e5dca604e4de34b16ced3bd3638163126606ba7e\spring-boot-starter-data-jpa-3.5.8.jar;C:\Users\seoulit4\.gradle\caches\modules-2\files-2.1\org.springframework.boot\spring-boot-starter-mustache\3.5.8\c8cc6925fb9c9d343d6f688908e38ca5b19e48bb\spring-boot-starter-mustache-3.5.8.jar;C:\Users\seoulit4\.gradle\caches\modules-2\files-2.1\org.springframework.boot\spring-boot-starter-thymeleaf\3.5.8\aafa0e52baac37b7796325d27aac33ad502d985d\spring-boot-starter-thymeleaf-3.5.8.jar;C:\Users\seoulit4\.gradle\caches\modules-2\files-2.1\org.springframework.boot\spring-boot-starter-web\3.5.8\f4afb8ae01d775b91dbfa365012be55789d3e0de\spring-boot-starter-web-3.5.8.jar;C:\Users\seoulit4\.gradle\caches\modules-2\files-2.1\org.springframework.boot\spring-boot-starter-jdbc\3.5.8\359961894da5ef2bead3614e5cfee6a3d32af9c1\spring-boot-starter-jdbc-3.5.8.jar;C:\Users\seoulit4\.gradle\caches\modules-2\files-2.1\org.springframework.boot\spring-boot-starter\3.5.8\757ed1793f8c7d560cc837359f5816a1f495a087\spring-boot-starter-3.5.8.jar;C:\Users\seoulit4\.gradle\caches\modules-2\files-2.1\org.hibernate.orm\hibernate-core\6.6.36.Final\89b5c30fb19b67ffdc41a7cf86017c5ecb360577\hibernate-core-6.6.36.Final.jar;C:\Users\seoulit4\.gradle\caches\modules-2\files-2.1\org.springframework.data\spring-data-jpa\3.5.6\73f4c37c7666633593b32eed2a2f9a44c3197438\spring-data-jpa-3.5.6.jar;C:\Users\seoulit4\.gradle\caches\modules-2\files-2.1\org.springframework\spring-aspects\6.2.14\60587f4052ba2c462ebbf2017e891ec037bfb6b6\spring-aspects-6.2.14.jar;C:\Users\seoulit4\.gradle\caches\modules-2\files-2.1\com.samskivert\jmustache\1.16\979c7145a406b83bf28da32531f88a34c2d2919c\jmustache-1.16.jar;C:\Users\seoulit4\.gradle\caches\modules-2\files-2.1\org.thymeleaf\thymeleaf-sp
Launcher Type: SUN_STANDARD

[Global flags]
     intx CICompilerCount                          = 4                                         {product} {ergonomic}
     uint ConcGCThreads                            = 2                                         {product} {ergonomic}
     uint G1ConcRefinementThreads                  = 8                                         {product} {ergonomic}
   size_t G1HeapRegionSize                         = 2097152                                   {product} {ergonomic}
    uintx GCDrainStackTargetSize                   = 64                                        {product} {ergonomic}
   size_t InitialHeapSize                          = 268435456                                 {product} {ergonomic}
   size_t MarkStackSize                            = 4194304                                   {product} {ergonomic}
   size_t MaxHeapSize                              = 4284481536                                {product} {ergonomic}
   size_t MaxNewSize                               = 2569011200                                {product} {ergonomic}
   size_t MinHeapDeltaBytes                        = 2097152                                   {product} {ergonomic}
   size_t MinHeapSize                              = 8388608                                   {product} {ergonomic}
    uintx NonNMethodCodeHeapSize                   = 5839372                                {pd product} {ergonomic}
    uintx NonProfiledCodeHeapSize                  = 122909434                              {pd product} {ergonomic}
    uintx ProfiledCodeHeapSize                     = 122909434                              {pd product} {ergonomic}
    uintx ReservedCodeCacheSize                    = 251658240                              {pd product} {ergonomic}
     bool SegmentedCodeCache                       = true                                      {product} {ergonomic}
   size_t SoftMaxHeapSize                          = 4284481536                             {manageable} {ergonomic}
     bool UseCompressedClassPointers               = true                           {product lp64_product} {ergonomic}
     bool UseCompressedOops                        = true                           {product lp64_product} {ergonomic}
     bool UseG1GC                                  = true                                      {product} {ergonomic}
     bool UseLargePagesIndividualAllocation        = false                                  {pd product} {ergonomic}

Logging:
Log output configuration:
 #0: stdout all=warning uptime,level,tags
 #1: stderr all=off uptime,level,tags

Environment Variables:
JAVA_HOME=C:\Program Files\Java\jdk-17
PATH=C:\Program Files\Common Files\Oracle\Java\javapath;C:\WINDOWS\system32;C:\WINDOWS;C:\WINDOWS\System32\Wbem;C:\WINDOWS\System32\WindowsPowerShell\v1.0\;C:\WINDOWS\System32\OpenSSH\;C:\Program Files\MySQL\MySQL Shell 8.0\bin\;C:\Users\seoulit4\AppData\Local\Microsoft\WindowsApps;C:\Users\seoulit4\AppData\Local\Programs\Microsoft VS Code\bin;C:\Users\seoulit4\AppData\Local\Programs\mongosh\;C:\Program Files\MongoDB\Server\7.0\bin;C:\Program Files\MySQL\MySQL Server 8.0\bin;C:\Program Files\JetBrains\PyCharm 2025.2.1.1\bin;C:\Program Files\Java\jdk-17\bin;C:\Program Files\JetBrains\IntelliJ IDEA Community Edition 2025.2.5\bin
USERNAME=seoulit4
OS=Windows_NT
PROCESSOR_IDENTIFIER=Intel64 Family 6 Model 158 Stepping 9, GenuineIntel



---------------  S Y S T E M  ---------------

OS:
 Windows 11 , 64 bit Build 26100 (10.0.26100.7019)
OS uptime: 2 days 2:24 hours

CPU: total 8 (initial active 8) (4 cores per cpu, 2 threads per core) family 6 model 158 stepping 9 microcode 0xde, cx8, cmov, fxsr, ht, mmx, 3dnowpref, sse, sse2, sse3, ssse3, sse4.1, sse4.2, popcnt, lzcnt, tsc, tscinvbit, avx, avx2, aes, erms, clmul, bmi1, bmi2, rtm, adx, fma, vzeroupper, clflush, clflushopt

Memory: 4k page, system-wide physical 16342M (1221M free)
TotalPageFile size 65494M (AvailPageFile size 102M)
current process WorkingSet (physical memory assigned to process): 222M, peak: 272M
current process commit charge ("private bytes"): 257M, peak: 426M

vm_info: Java HotSpot(TM) 64-Bit Server VM (17.0.13+10-LTS-268) for windows-amd64 JRE (17.0.13+10-LTS-268), built on Sep 30 2024 06:33:13 by "mach5one" with MS VC++ 17.6 (VS2022)

END.
